<?xml version="1.0" encoding="UTF-8"?>
<!-- Generated by org.testng.reporters.JUnitReportReporter -->
<testsuite hostname="DESKTOP-EVLG7PO" failures="0" tests="1" name="MavenTestNGSelenium1.TestNGDemo2" time="3.416" errors="0" timestamp="29 Apr 2020 08:05:58 GMT" skipped="0">
  <testcase classname="MavenTestNGSelenium1.TestNGDemo2" name="GoogleSearch" time="3.416"/>
</testsuite> <!-- MavenTestNGSelenium1.TestNGDemo2 -->
